# JRE version: Java(TM) SE Runtime Environment (8.0_144-b01) (build 1.8.0_144-b01)
# Java VM: Java HotSpot(TM) 64-Bit Server VM (25.144-b01 mixed mode windows-amd64 compressed oops)
Heap:
 PSYoungGen      total 161792K, used 126624K [0x0000000780c00000, 0x000000078cc00000, 0x00000007c0000000)
  eden space 145920K, 86% used [0x0000000780c00000,0x00000007887a8290,0x0000000789a80000)
  from space 15872K, 0% used [0x000000078a900000,0x000000078a900000,0x000000078b880000)
  to   space 14848K, 0% used [0x0000000789a80000,0x0000000789a80000,0x000000078a900000)
 ParOldGen       total 123392K, used 19059K [0x0000000702400000, 0x0000000709c80000, 0x0000000780c00000)
  object space 123392K, 15% used [0x0000000702400000,0x000000070369ce90,0x0000000709c80000)
 Metaspace       used 36341K, capacity 38072K, committed 38272K, reserved 1083392K
  class space    used 4836K, capacity 5158K, committed 5248K, reserved 1048576K
GC Heap History (10 events):
Event: 4.447 GC heap before
{Heap before GC invocations=6 (full 1):
 PSYoungGen      total 79360K, used 79357K [0x0000000780c00000, 0x0000000787b00000, 0x00000007c0000000)
  eden space 71680K, 100% used [0x0000000780c00000,0x0000000785200000,0x0000000785200000)
  from space 7680K, 99% used [0x0000000787380000,0x0000000787aff400,0x0000000787b00000)
  to   space 7680K, 0% used [0x0000000786c00000,0x0000000786c00000,0x0000000787380000)
 ParOldGen       total 87552K, used 10089K [0x0000000702400000, 0x0000000707980000, 0x0000000780c00000)
  object space 87552K, 11% used [0x0000000702400000,0x0000000702dda560,0x0000000707980000)
 Metaspace       used 28229K, capacity 29192K, committed 29312K, reserved 1075200K
  class space    used 3716K, capacity 3910K, committed 3968K, reserved 1048576K
Event: 4.454 GC heap after
Heap after GC invocations=6 (full 1):
 PSYoungGen      total 105984K, used 7653K [0x0000000780c00000, 0x0000000788380000, 0x00000007c0000000)
  eden space 98304K, 0% used [0x0000000780c00000,0x0000000780c00000,0x0000000786c00000)
  from space 7680K, 99% used [0x0000000786c00000,0x0000000787379660,0x0000000787380000)
  to   space 10752K, 0% used [0x0000000787900000,0x0000000787900000,0x0000000788380000)
 ParOldGen       total 87552K, used 11372K [0x0000000702400000, 0x0000000707980000, 0x0000000780c00000)
  object space 87552K, 12% used [0x0000000702400000,0x0000000702f1b198,0x0000000707980000)
 Metaspace       used 28229K, capacity 29192K, committed 29312K, reserved 1075200K
  class space    used 3716K, capacity 3910K, committed 3968K, reserved 1048576K
}
Event: 5.094 GC heap before
{Heap before GC invocations=7 (full 1):
 PSYoungGen      total 105984K, used 105957K [0x0000000780c00000, 0x0000000788380000, 0x00000007c0000000)
  eden space 98304K, 100% used [0x0000000780c00000,0x0000000786c00000,0x0000000786c00000)
  from space 7680K, 99% used [0x0000000786c00000,0x0000000787379660,0x0000000787380000)
  to   space 10752K, 0% used [0x0000000787900000,0x0000000787900000,0x0000000788380000)
 ParOldGen       total 87552K, used 11372K [0x0000000702400000, 0x0000000707980000, 0x0000000780c00000)
  object space 87552K, 12% used [0x0000000702400000,0x0000000702f1b198,0x0000000707980000)
 Metaspace       used 31353K, capacity 32400K, committed 32512K, reserved 1077248K
  class space    used 4106K, capacity 4352K, committed 4352K, reserved 1048576K
Event: 5.108 GC heap after
Heap after GC invocations=7 (full 1):
 PSYoungGen      total 109056K, used 10727K [0x0000000780c00000, 0x000000078b200000, 0x00000007c0000000)
  eden space 98304K, 0% used [0x0000000780c00000,0x0000000780c00000,0x0000000786c00000)
  from space 10752K, 99% used [0x0000000787900000,0x0000000788379e20,0x0000000788380000)
  to   space 13312K, 0% used [0x0000000786c00000,0x0000000786c00000,0x0000000787900000)
 ParOldGen       total 87552K, used 13165K [0x0000000702400000, 0x0000000707980000, 0x0000000780c00000)
  object space 87552K, 15% used [0x0000000702400000,0x00000007030db708,0x0000000707980000)
 Metaspace       used 31353K, capacity 32400K, committed 32512K, reserved 1077248K
  class space    used 4106K, capacity 4352K, committed 4352K, reserved 1048576K
}
Event: 5.699 GC heap before
{Heap before GC invocations=8 (full 1):
 PSYoungGen      total 109056K, used 109031K [0x0000000780c00000, 0x000000078b200000, 0x00000007c0000000)
  eden space 98304K, 100% used [0x0000000780c00000,0x0000000786c00000,0x0000000786c00000)
  from space 10752K, 99% used [0x0000000787900000,0x0000000788379e20,0x0000000788380000)
  to   space 13312K, 0% used [0x0000000786c00000,0x0000000786c00000,0x0000000787900000)
 ParOldGen       total 87552K, used 13165K [0x0000000702400000, 0x0000000707980000, 0x0000000780c00000)
  object space 87552K, 15% used [0x0000000702400000,0x00000007030db708,0x0000000707980000)
 Metaspace       used 33521K, capacity 34878K, committed 34944K, reserved 1079296K
  class space    used 4416K, capacity 4699K, committed 4736K, reserved 1048576K
Event: 5.710 GC heap after
Heap after GC invocations=8 (full 1):
 PSYoungGen      total 111616K, used 13309K [0x0000000780c00000, 0x000000078b880000, 0x00000007c0000000)
  eden space 98304K, 0% used [0x0000000780c00000,0x0000000780c00000,0x0000000786c00000)
  from space 13312K, 99% used [0x0000000786c00000,0x00000007878ff640,0x0000000787900000)
  to   space 15872K, 0% used [0x000000078a900000,0x000000078a900000,0x000000078b880000)
 ParOldGen       total 87552K, used 14658K [0x0000000702400000, 0x0000000707980000, 0x0000000780c00000)
  object space 87552K, 16% used [0x0000000702400000,0x0000000703250808,0x0000000707980000)
 Metaspace       used 33521K, capacity 34878K, committed 34944K, reserved 1079296K
  class space    used 4416K, capacity 4699K, committed 4736K, reserved 1048576K
}
Event: 5.825 GC heap before
{Heap before GC invocations=9 (full 1):
 PSYoungGen      total 111616K, used 30036K [0x0000000780c00000, 0x000000078b880000, 0x00000007c0000000)
  eden space 98304K, 17% used [0x0000000780c00000,0x0000000781c55d60,0x0000000786c00000)
  from space 13312K, 99% used [0x0000000786c00000,0x00000007878ff640,0x0000000787900000)
  to   space 15872K, 0% used [0x000000078a900000,0x000000078a900000,0x000000078b880000)
 ParOldGen       total 87552K, used 14658K [0x0000000702400000, 0x0000000707980000, 0x0000000780c00000)
  object space 87552K, 16% used [0x0000000702400000,0x0000000703250808,0x0000000707980000)
 Metaspace       used 33893K, capacity 35334K, committed 35416K, reserved 1079296K
  class space    used 4463K, capacity 4723K, committed 4736K, reserved 1048576K
Event: 5.839 GC heap after
Heap after GC invocations=9 (full 1):
 PSYoungGen      total 161792K, used 9360K [0x0000000780c00000, 0x000000078cc00000, 0x00000007c0000000)
  eden space 145920K, 0% used [0x0000000780c00000,0x0000000780c00000,0x0000000789a80000)
  from space 15872K, 58% used [0x000000078a900000,0x000000078b224388,0x000000078b880000)
  to   space 14848K, 0% used [0x0000000789a80000,0x0000000789a80000,0x000000078a900000)
 ParOldGen       total 87552K, used 19417K [0x0000000702400000, 0x0000000707980000, 0x0000000780c00000)
  object space 87552K, 22% used [0x0000000702400000,0x00000007036f66e0,0x0000000707980000)
 Metaspace       used 33893K, capacity 35334K, committed 35416K, reserved 1079296K
  class space    used 4463K, capacity 4723K, committed 4736K, reserved 1048576K
}
Event: 5.839 GC heap before
{Heap before GC invocations=10 (full 2):
 PSYoungGen      total 161792K, used 9360K [0x0000000780c00000, 0x000000078cc00000, 0x00000007c0000000)
  eden space 145920K, 0% used [0x0000000780c00000,0x0000000780c00000,0x0000000789a80000)
  from space 15872K, 58% used [0x000000078a900000,0x000000078b224388,0x000000078b880000)
  to   space 14848K, 0% used [0x0000000789a80000,0x0000000789a80000,0x000000078a900000)
 ParOldGen       total 87552K, used 19417K [0x0000000702400000, 0x0000000707980000, 0x0000000780c00000)
  object space 87552K, 22% used [0x0000000702400000,0x00000007036f66e0,0x0000000707980000)
 Metaspace       used 33893K, capacity 35334K, committed 35416K, reserved 1079296K
  class space    used 4463K, capacity 4723K, committed 4736K, reserved 1048576K
Event: 5.928 GC heap after
Heap after GC invocations=10 (full 2):
 PSYoungGen      total 161792K, used 0K [0x0000000780c00000, 0x000000078cc00000, 0x00000007c0000000)
  eden space 145920K, 0% used [0x0000000780c00000,0x0000000780c00000,0x0000000789a80000)
  from space 15872K, 0% used [0x000000078a900000,0x000000078a900000,0x000000078b880000)
  to   space 14848K, 0% used [0x0000000789a80000,0x0000000789a80000,0x000000078a900000)
 ParOldGen       total 123392K, used 19059K [0x0000000702400000, 0x0000000709c80000, 0x0000000780c00000)
  object space 123392K, 15% used [0x0000000702400000,0x000000070369ce90,0x0000000709c80000)
 Metaspace       used 33893K, capacity 35334K, committed 35416K, reserved 1079296K
  class space    used 4463K, capacity 4723K, committed 4736K, reserved 1048576K
}

