# JRE version: Java(TM) SE Runtime Environment (8.0_144-b01) (build 1.8.0_144-b01)
# Java VM: Java HotSpot(TM) 64-Bit Server VM (25.144-b01 mixed mode windows-amd64 compressed oops)
Heap:
 PSYoungGen      total 169984K, used 124458K [0x0000000780c00000, 0x000000078dd00000, 0x00000007c0000000)
  eden space 154112K, 80% used [0x0000000780c00000,0x000000078858a930,0x000000078a280000)
  from space 15872K, 0% used [0x000000078b180000,0x000000078b180000,0x000000078c100000)
  to   space 15360K, 0% used [0x000000078a280000,0x000000078a280000,0x000000078b180000)
 ParOldGen       total 114688K, used 18907K [0x0000000702400000, 0x0000000709400000, 0x0000000780c00000)
  object space 114688K, 16% used [0x0000000702400000,0x0000000703676fc8,0x0000000709400000)
 Metaspace       used 36353K, capacity 38064K, committed 38272K, reserved 1083392K
  class space    used 4834K, capacity 5158K, committed 5248K, reserved 1048576K
GC Heap History (10 events):
Event: 4.693 GC heap before
{Heap before GC invocations=6 (full 1):
 PSYoungGen      total 80896K, used 80879K [0x0000000780c00000, 0x0000000787b00000, 0x00000007c0000000)
  eden space 73216K, 100% used [0x0000000780c00000,0x0000000785380000,0x0000000785380000)
  from space 7680K, 99% used [0x0000000787380000,0x0000000787afbf98,0x0000000787b00000)
  to   space 7680K, 0% used [0x0000000786c00000,0x0000000786c00000,0x0000000787380000)
 ParOldGen       total 84992K, used 10228K [0x0000000702400000, 0x0000000707700000, 0x0000000780c00000)
  object space 84992K, 12% used [0x0000000702400000,0x0000000702dfd1c8,0x0000000707700000)
 Metaspace       used 28261K, capacity 29258K, committed 29568K, reserved 1075200K
  class space    used 3720K, capacity 3911K, committed 3968K, reserved 1048576K
Event: 4.701 GC heap after
Heap after GC invocations=6 (full 1):
 PSYoungGen      total 105984K, used 7673K [0x0000000780c00000, 0x0000000788900000, 0x00000007c0000000)
  eden space 98304K, 0% used [0x0000000780c00000,0x0000000780c00000,0x0000000786c00000)
  from space 7680K, 99% used [0x0000000786c00000,0x000000078737e5d8,0x0000000787380000)
  to   space 11264K, 0% used [0x0000000787e00000,0x0000000787e00000,0x0000000788900000)
 ParOldGen       total 84992K, used 11665K [0x0000000702400000, 0x0000000707700000, 0x0000000780c00000)
  object space 84992K, 13% used [0x0000000702400000,0x0000000702f644c8,0x0000000707700000)
 Metaspace       used 28261K, capacity 29258K, committed 29568K, reserved 1075200K
  class space    used 3720K, capacity 3911K, committed 3968K, reserved 1048576K
}
Event: 5.383 GC heap before
{Heap before GC invocations=7 (full 1):
 PSYoungGen      total 105984K, used 105977K [0x0000000780c00000, 0x0000000788900000, 0x00000007c0000000)
  eden space 98304K, 100% used [0x0000000780c00000,0x0000000786c00000,0x0000000786c00000)
  from space 7680K, 99% used [0x0000000786c00000,0x000000078737e5d8,0x0000000787380000)
  to   space 11264K, 0% used [0x0000000787e00000,0x0000000787e00000,0x0000000788900000)
 ParOldGen       total 84992K, used 11665K [0x0000000702400000, 0x0000000707700000, 0x0000000780c00000)
  object space 84992K, 13% used [0x0000000702400000,0x0000000702f644c8,0x0000000707700000)
 Metaspace       used 31418K, capacity 32470K, committed 32640K, reserved 1077248K
  class space    used 4113K, capacity 4353K, committed 4480K, reserved 1048576K
Event: 5.395 GC heap after
Heap after GC invocations=7 (full 1):
 PSYoungGen      total 114688K, used 11242K [0x0000000780c00000, 0x000000078b200000, 0x00000007c0000000)
  eden space 103424K, 0% used [0x0000000780c00000,0x0000000780c00000,0x0000000787100000)
  from space 11264K, 99% used [0x0000000787e00000,0x00000007888fab78,0x0000000788900000)
  to   space 13312K, 0% used [0x0000000787100000,0x0000000787100000,0x0000000787e00000)
 ParOldGen       total 84992K, used 13068K [0x0000000702400000, 0x0000000707700000, 0x0000000780c00000)
  object space 84992K, 15% used [0x0000000702400000,0x00000007030c31b0,0x0000000707700000)
 Metaspace       used 31418K, capacity 32470K, committed 32640K, reserved 1077248K
  class space    used 4113K, capacity 4353K, committed 4480K, reserved 1048576K
}
Event: 5.995 GC heap before
{Heap before GC invocations=8 (full 1):
 PSYoungGen      total 114688K, used 114666K [0x0000000780c00000, 0x000000078b200000, 0x00000007c0000000)
  eden space 103424K, 100% used [0x0000000780c00000,0x0000000787100000,0x0000000787100000)
  from space 11264K, 99% used [0x0000000787e00000,0x00000007888fab78,0x0000000788900000)
  to   space 13312K, 0% used [0x0000000787100000,0x0000000787100000,0x0000000787e00000)
 ParOldGen       total 84992K, used 13068K [0x0000000702400000, 0x0000000707700000, 0x0000000780c00000)
  object space 84992K, 15% used [0x0000000702400000,0x00000007030c31b0,0x0000000707700000)
 Metaspace       used 33746K, capacity 35146K, committed 35200K, reserved 1079296K
  class space    used 4444K, capacity 4703K, committed 4736K, reserved 1048576K
Event: 6.007 GC heap after
Heap after GC invocations=8 (full 1):
 PSYoungGen      total 116736K, used 13309K [0x0000000780c00000, 0x000000078c100000, 0x00000007c0000000)
  eden space 103424K, 0% used [0x0000000780c00000,0x0000000780c00000,0x0000000787100000)
  from space 13312K, 99% used [0x0000000787100000,0x0000000787dff640,0x0000000787e00000)
  to   space 15872K, 0% used [0x000000078b180000,0x000000078b180000,0x000000078c100000)
 ParOldGen       total 84992K, used 14860K [0x0000000702400000, 0x0000000707700000, 0x0000000780c00000)
  object space 84992K, 17% used [0x0000000702400000,0x0000000703283158,0x0000000707700000)
 Metaspace       used 33746K, capacity 35146K, committed 35200K, reserved 1079296K
  class space    used 4444K, capacity 4703K, committed 4736K, reserved 1048576K
}
Event: 6.084 GC heap before
{Heap before GC invocations=9 (full 1):
 PSYoungGen      total 116736K, used 23075K [0x0000000780c00000, 0x000000078c100000, 0x00000007c0000000)
  eden space 103424K, 9% used [0x0000000780c00000,0x00000007815898f8,0x0000000787100000)
  from space 13312K, 99% used [0x0000000787100000,0x0000000787dff640,0x0000000787e00000)
  to   space 15872K, 0% used [0x000000078b180000,0x000000078b180000,0x000000078c100000)
 ParOldGen       total 84992K, used 14860K [0x0000000702400000, 0x0000000707700000, 0x0000000780c00000)
  object space 84992K, 17% used [0x0000000702400000,0x0000000703283158,0x0000000707700000)
 Metaspace       used 33884K, capacity 35330K, committed 35416K, reserved 1079296K
  class space    used 4464K, capacity 4723K, committed 4736K, reserved 1048576K
Event: 6.100 GC heap after
Heap after GC invocations=9 (full 1):
 PSYoungGen      total 169984K, used 9040K [0x0000000780c00000, 0x000000078dd00000, 0x00000007c0000000)
  eden space 154112K, 0% used [0x0000000780c00000,0x0000000780c00000,0x000000078a280000)
  from space 15872K, 56% used [0x000000078b180000,0x000000078ba54388,0x000000078c100000)
  to   space 15360K, 0% used [0x000000078a280000,0x000000078a280000,0x000000078b180000)
 ParOldGen       total 84992K, used 19565K [0x0000000702400000, 0x0000000707700000, 0x0000000780c00000)
  object space 84992K, 23% used [0x0000000702400000,0x000000070371b690,0x0000000707700000)
 Metaspace       used 33884K, capacity 35330K, committed 35416K, reserved 1079296K
  class space    used 4464K, capacity 4723K, committed 4736K, reserved 1048576K
}
Event: 6.100 GC heap before
{Heap before GC invocations=10 (full 2):
 PSYoungGen      total 169984K, used 9040K [0x0000000780c00000, 0x000000078dd00000, 0x00000007c0000000)
  eden space 154112K, 0% used [0x0000000780c00000,0x0000000780c00000,0x000000078a280000)
  from space 15872K, 56% used [0x000000078b180000,0x000000078ba54388,0x000000078c100000)
  to   space 15360K, 0% used [0x000000078a280000,0x000000078a280000,0x000000078b180000)
 ParOldGen       total 84992K, used 19565K [0x0000000702400000, 0x0000000707700000, 0x0000000780c00000)
  object space 84992K, 23% used [0x0000000702400000,0x000000070371b690,0x0000000707700000)
 Metaspace       used 33884K, capacity 35330K, committed 35416K, reserved 1079296K
  class space    used 4464K, capacity 4723K, committed 4736K, reserved 1048576K
Event: 6.193 GC heap after
Heap after GC invocations=10 (full 2):
 PSYoungGen      total 169984K, used 0K [0x0000000780c00000, 0x000000078dd00000, 0x00000007c0000000)
  eden space 154112K, 0% used [0x0000000780c00000,0x0000000780c00000,0x000000078a280000)
  from space 15872K, 0% used [0x000000078b180000,0x000000078b180000,0x000000078c100000)
  to   space 15360K, 0% used [0x000000078a280000,0x000000078a280000,0x000000078b180000)
 ParOldGen       total 114688K, used 18907K [0x0000000702400000, 0x0000000709400000, 0x0000000780c00000)
  object space 114688K, 16% used [0x0000000702400000,0x0000000703676fc8,0x0000000709400000)
 Metaspace       used 33884K, capacity 35330K, committed 35416K, reserved 1079296K
  class space    used 4464K, capacity 4723K, committed 4736K, reserved 1048576K
}

